Performing C SOURCE FILE Test CMAKE_HAVE_LIBC_PTHREAD failed with the following output:
Change Dir: C:/Users/Yahya/Desktop/GPGPU/Projet_3/build/CMakeFiles/CMakeScratch/TryCompile-1vp222

Run Build Command(s):C:/Program Files/Microsoft Visual Studio/2022/Community/MSBuild/Current/Bin/amd64/MSBuild.exe cmTC_85d77.vcxproj /p:Configuration=Debug /p:Platform=x64 /p:VisualStudioVersion=17.0 /v:m && MSBuild version 17.4.1+9a89d02ff for .NET Framework
  Compilateur d'optimisation Microsoft (R) C/C++ version 19.34.31937 pour x64
  src.c
  Copyright (C) Microsoft Corporation. Tous droits réservés.
  cl /c /Zi /W1 /WX- /diagnostics:column /Od /Ob0 /D _MBCS /D WIN32 /D _WINDOWS /D CMAKE_HAVE_LIBC_PTHREAD /D "CMAKE_INTDIR=\"Debug\"" /Gm- /RTC1 /MDd /GS /fp:precise /Zc:wchar_t /Zc:forScope /Zc:inline /Fo"cmTC_85d77.dir\Debug\\" /Fd"cmTC_85d77.dir\Debug\vc143.pdb" /external:W1 /Gd /TC /errorReport:queue "C:\Users\Yahya\Desktop\GPGPU\Projet_3\build\CMakeFiles\CMakeScratch\TryCompile-1vp222\src.c"
C:\Users\Yahya\Desktop\GPGPU\Projet_3\build\CMakeFiles\CMakeScratch\TryCompile-1vp222\src.c(1,10): fatal  error C1083: Impossible d'ouvrir le fichier include : 'pthread.h' : No such file or directory [C:\Users\Yahya\Desktop\GPGPU\Projet_3\build\CMakeFiles\CMakeScratch\TryCompile-1vp222\cmTC_85d77.vcxproj]


Source file was:
#include <pthread.h>

static void* test_func(void* data)
{
  return data;
}

int main(void)
{
  pthread_t thread;
  pthread_create(&thread, NULL, test_func, NULL);
  pthread_detach(thread);
  pthread_cancel(thread);
  pthread_join(thread, NULL);
  pthread_atfork(NULL, NULL, NULL);
  pthread_exit(NULL);

  return 0;
}


Determining if the function pthread_create exists in the pthreads failed with the following output:
Change Dir: C:/Users/Yahya/Desktop/GPGPU/Projet_3/build/CMakeFiles/CMakeScratch/TryCompile-z9ujzh

Run Build Command(s):C:/Program Files/Microsoft Visual Studio/2022/Community/MSBuild/Current/Bin/amd64/MSBuild.exe cmTC_3cb6c.vcxproj /p:Configuration=Debug /p:Platform=x64 /p:VisualStudioVersion=17.0 /v:m && MSBuild version 17.4.1+9a89d02ff for .NET Framework
  Compilateur d'optimisation Microsoft (R) C/C++ version 19.34.31937 pour x64
  CheckFunctionExists.c
  Copyright (C) Microsoft Corporation. Tous droits réservés.
  cl /c /Zi /W1 /WX- /diagnostics:column /Od /Ob0 /D _MBCS /D WIN32 /D _WINDOWS /D CHECK_FUNCTION_EXISTS=pthread_create /D "CMAKE_INTDIR=\"Debug\"" /Gm- /RTC1 /MDd /GS /fp:precise /Zc:wchar_t /Zc:forScope /Zc:inline /Fo"cmTC_3cb6c.dir\Debug\\" /Fd"cmTC_3cb6c.dir\Debug\vc143.pdb" /external:W1 /Gd /TC /errorReport:queue "C:\Users\Yahya\Desktop\GPGPU\Projet_3\build\CMakeFiles\CMakeScratch\TryCompile-z9ujzh\CheckFunctionExists.c"
LINK : fatal error LNK1104: impossible d'ouvrir le fichier 'pthreads.lib' [C:\Users\Yahya\Desktop\GPGPU\Projet_3\build\CMakeFiles\CMakeScratch\TryCompile-z9ujzh\cmTC_3cb6c.vcxproj]



Determining if the function pthread_create exists in the pthread failed with the following output:
Change Dir: C:/Users/Yahya/Desktop/GPGPU/Projet_3/build/CMakeFiles/CMakeScratch/TryCompile-owlmpk

Run Build Command(s):C:/Program Files/Microsoft Visual Studio/2022/Community/MSBuild/Current/Bin/amd64/MSBuild.exe cmTC_311cd.vcxproj /p:Configuration=Debug /p:Platform=x64 /p:VisualStudioVersion=17.0 /v:m && MSBuild version 17.4.1+9a89d02ff for .NET Framework
  Compilateur d'optimisation Microsoft (R) C/C++ version 19.34.31937 pour x64
  CheckFunctionExists.c
  Copyright (C) Microsoft Corporation. Tous droits réservés.
  cl /c /Zi /W1 /WX- /diagnostics:column /Od /Ob0 /D _MBCS /D WIN32 /D _WINDOWS /D CHECK_FUNCTION_EXISTS=pthread_create /D "CMAKE_INTDIR=\"Debug\"" /Gm- /RTC1 /MDd /GS /fp:precise /Zc:wchar_t /Zc:forScope /Zc:inline /Fo"cmTC_311cd.dir\Debug\\" /Fd"cmTC_311cd.dir\Debug\vc143.pdb" /external:W1 /Gd /TC /errorReport:queue "C:\Users\Yahya\Desktop\GPGPU\Projet_3\build\CMakeFiles\CMakeScratch\TryCompile-owlmpk\CheckFunctionExists.c"
LINK : fatal error LNK1104: impossible d'ouvrir le fichier 'pthread.lib' [C:\Users\Yahya\Desktop\GPGPU\Projet_3\build\CMakeFiles\CMakeScratch\TryCompile-owlmpk\cmTC_311cd.vcxproj]



