Performing C SOURCE FILE Test CMAKE_HAVE_LIBC_PTHREAD failed with the following output:
Change Dir: C:/Users/Yahya/Desktop/GPGPU/Project/build/CMakeFiles/CMakeScratch/TryCompile-m5dnzk

Run Build Command(s):C:/Program Files/Microsoft Visual Studio/2022/Community/MSBuild/Current/Bin/amd64/MSBuild.exe cmTC_025d0.vcxproj /p:Configuration=Debug /p:Platform=x64 /p:VisualStudioVersion=17.0 /v:m && MSBuild version 17.4.1+9a89d02ff for .NET Framework
  Compilateur d'optimisation Microsoft (R) C/C++ version 19.34.31937 pour x64
  Copyright (C) Microsoft Corporation. Tous droits réservés.
  src.c
  cl /c /Zi /W1 /WX- /diagnostics:column /Od /Ob0 /D _MBCS /D WIN32 /D _WINDOWS /D CMAKE_HAVE_LIBC_PTHREAD /D "CMAKE_INTDIR=\"Debug\"" /Gm- /RTC1 /MDd /GS /fp:precise /Zc:wchar_t /Zc:forScope /Zc:inline /Fo"cmTC_025d0.dir\Debug\\" /Fd"cmTC_025d0.dir\Debug\vc143.pdb" /external:W1 /Gd /TC /errorReport:queue "C:\Users\Yahya\Desktop\GPGPU\Project\build\CMakeFiles\CMakeScratch\TryCompile-m5dnzk\src.c"
C:\Users\Yahya\Desktop\GPGPU\Project\build\CMakeFiles\CMakeScratch\TryCompile-m5dnzk\src.c(1,10): fatal  error C1083: Impossible d'ouvrir le fichier include : 'pthread.h' : No such file or directory [C:\Users\Yahya\Desktop\GPGPU\Project\build\CMakeFiles\CMakeScratch\TryCompile-m5dnzk\cmTC_025d0.vcxproj]


Source file was:
#include <pthread.h>

static void* test_func(void* data)
{
  return data;
}

int main(void)
{
  pthread_t thread;
  pthread_create(&thread, NULL, test_func, NULL);
  pthread_detach(thread);
  pthread_cancel(thread);
  pthread_join(thread, NULL);
  pthread_atfork(NULL, NULL, NULL);
  pthread_exit(NULL);

  return 0;
}


Determining if the function pthread_create exists in the pthreads failed with the following output:
Change Dir: C:/Users/Yahya/Desktop/GPGPU/Project/build/CMakeFiles/CMakeScratch/TryCompile-93nluq

Run Build Command(s):C:/Program Files/Microsoft Visual Studio/2022/Community/MSBuild/Current/Bin/amd64/MSBuild.exe cmTC_93a50.vcxproj /p:Configuration=Debug /p:Platform=x64 /p:VisualStudioVersion=17.0 /v:m && MSBuild version 17.4.1+9a89d02ff for .NET Framework
  Compilateur d'optimisation Microsoft (R) C/C++ version 19.34.31937 pour x64
  CheckFunctionExists.c
  Copyright (C) Microsoft Corporation. Tous droits réservés.
  cl /c /Zi /W1 /WX- /diagnostics:column /Od /Ob0 /D _MBCS /D WIN32 /D _WINDOWS /D CHECK_FUNCTION_EXISTS=pthread_create /D "CMAKE_INTDIR=\"Debug\"" /Gm- /RTC1 /MDd /GS /fp:precise /Zc:wchar_t /Zc:forScope /Zc:inline /Fo"cmTC_93a50.dir\Debug\\" /Fd"cmTC_93a50.dir\Debug\vc143.pdb" /external:W1 /Gd /TC /errorReport:queue "C:\Users\Yahya\Desktop\GPGPU\Project\build\CMakeFiles\CMakeScratch\TryCompile-93nluq\CheckFunctionExists.c"
LINK : fatal error LNK1104: impossible d'ouvrir le fichier 'pthreads.lib' [C:\Users\Yahya\Desktop\GPGPU\Project\build\CMakeFiles\CMakeScratch\TryCompile-93nluq\cmTC_93a50.vcxproj]



Determining if the function pthread_create exists in the pthread failed with the following output:
Change Dir: C:/Users/Yahya/Desktop/GPGPU/Project/build/CMakeFiles/CMakeScratch/TryCompile-ps6zu2

Run Build Command(s):C:/Program Files/Microsoft Visual Studio/2022/Community/MSBuild/Current/Bin/amd64/MSBuild.exe cmTC_63838.vcxproj /p:Configuration=Debug /p:Platform=x64 /p:VisualStudioVersion=17.0 /v:m && MSBuild version 17.4.1+9a89d02ff for .NET Framework
  Compilateur d'optimisation Microsoft (R) C/C++ version 19.34.31937 pour x64
  CheckFunctionExists.c
  Copyright (C) Microsoft Corporation. Tous droits réservés.
  cl /c /Zi /W1 /WX- /diagnostics:column /Od /Ob0 /D _MBCS /D WIN32 /D _WINDOWS /D CHECK_FUNCTION_EXISTS=pthread_create /D "CMAKE_INTDIR=\"Debug\"" /Gm- /RTC1 /MDd /GS /fp:precise /Zc:wchar_t /Zc:forScope /Zc:inline /Fo"cmTC_63838.dir\Debug\\" /Fd"cmTC_63838.dir\Debug\vc143.pdb" /external:W1 /Gd /TC /errorReport:queue "C:\Users\Yahya\Desktop\GPGPU\Project\build\CMakeFiles\CMakeScratch\TryCompile-ps6zu2\CheckFunctionExists.c"
LINK : fatal error LNK1104: impossible d'ouvrir le fichier 'pthread.lib' [C:\Users\Yahya\Desktop\GPGPU\Project\build\CMakeFiles\CMakeScratch\TryCompile-ps6zu2\cmTC_63838.vcxproj]



